Pig Stack Trace
---------------
ERROR 1200: <file proj_activity.pig, line 20, column 42>  Syntax error, unexpected symbol at or near '$0'

org.apache.pig.impl.logicalLayer.FrontendException: ERROR 1000: Error during parsing. <file proj_activity.pig, line 20, column 42>  Syntax error, unexpected symbol at or near '$0'
	at org.apache.pig.PigServer$Graph.parseQuery(PigServer.java:1833)
	at org.apache.pig.PigServer$Graph.access$000(PigServer.java:1528)
	at org.apache.pig.PigServer.parseAndBuild(PigServer.java:461)
	at org.apache.pig.PigServer.executeBatch(PigServer.java:486)
	at org.apache.pig.PigServer.executeBatch(PigServer.java:472)
	at org.apache.pig.tools.grunt.GruntParser.executeBatch(GruntParser.java:171)
	at org.apache.pig.tools.grunt.GruntParser.processRemove(GruntParser.java:1127)
	at org.apache.pig.tools.pigscript.parser.PigScriptParser.parse(PigScriptParser.java:617)
	at org.apache.pig.tools.grunt.GruntParser.parseStopOnError(GruntParser.java:230)
	at org.apache.pig.tools.grunt.GruntParser.parseStopOnError(GruntParser.java:205)
	at org.apache.pig.tools.grunt.Grunt.exec(Grunt.java:81)
	at org.apache.pig.Main.run(Main.java:630)
	at org.apache.pig.Main.main(Main.java:175)
	at sun.reflect.NativeMethodAccessorImpl.invoke0(Native Method)
	at sun.reflect.NativeMethodAccessorImpl.invoke(NativeMethodAccessorImpl.java:62)
	at sun.reflect.DelegatingMethodAccessorImpl.invoke(DelegatingMethodAccessorImpl.java:43)
	at java.lang.reflect.Method.invoke(Method.java:498)
	at org.apache.hadoop.util.RunJar.run(RunJar.java:323)
	at org.apache.hadoop.util.RunJar.main(RunJar.java:236)
Caused by: Failed to parse: <file proj_activity.pig, line 20, column 42>  Syntax error, unexpected symbol at or near '$0'
	at org.apache.pig.parser.QueryParserDriver.parse(QueryParserDriver.java:244)
	at org.apache.pig.parser.QueryParserDriver.parse(QueryParserDriver.java:182)
	at org.apache.pig.PigServer$Graph.parseQuery(PigServer.java:1820)
	... 18 more
================================================================================
